<?xml version="1.0" encoding="UTF-8"?>
<!-- Generated by org.testng.reporters.JUnitXMLReporter -->
<testsuite ignored="1" hostname="SHANKAR-PC" failures="1" tests="1" name="Guru99 Test(failed)" time="20.624" errors="0" timestamp="03 Dec 2022 17:20:59 GMT">
  <testcase classname="com.pom.test.LoginPageTest" name="LoginTest" time="6.833">
    <failure type="java.lang.AssertionError" message="expected [true] but found [false]">
      <![CDATA[java.lang.AssertionError: expected [true] but found [false]
	at com.pom.test.LoginPageTest.LoginTest(LoginPageTest.java:46)
... Removed 29 stack frames]]>
    </failure>
  </testcase> <!-- LoginTest -->
  <testcase classname="com.pom.test.LoginPageTest" name="loginTest1" time="0.0">
    <ignored/>
  </testcase> <!-- loginTest1 -->
</testsuite> <!-- Guru99 Test(failed) -->
